\BOOKMARK [1][-]{section.1}{\376\377\000P\000h\000y\000s\000i\000c\000s\000-\000I\000n\000f\000o\000r\000m\000e\000d\000\040\000N\000e\000u\000r\000a\000l\000\040\000N\000e\000t\000w\000o\000r\000k\000s\377\010\000P\000I\000N\000N\000s\377\011\127\372\170\100\164\006\213\272}{}% 1
\BOOKMARK [2][-]{subsection.1.1}{\376\377\116\000\202\054\137\142\137\017\166\204\120\117\137\256\122\006\145\271\172\013\143\317\217\360}{section.1}% 2
\BOOKMARK [2][-]{subsection.1.2}{\376\377\000P\000I\000N\000N\000s\000\040\166\204\150\070\137\303\140\035\140\363}{section.1}% 3
\BOOKMARK [2][-]{subsection.1.3}{\376\377\000P\000I\000N\000N\000s\000\040\154\102\211\343\000\040\000P\000D\000E\000\040\153\143\225\356\230\230}{section.1}% 4
\BOOKMARK [3][-]{subsubsection.1.3.1}{\376\377\171\136\176\317\177\121\176\334\217\321\117\074}{subsection.1.3}% 5
\BOOKMARK [3][-]{subsubsection.1.3.2}{\376\377\221\115\177\156\160\271\116\016\143\137\131\061\121\375\145\160\147\204\220\040}{subsection.1.3}% 6
\BOOKMARK [3][-]{subsubsection.1.3.3}{\376\377\123\302\145\160\117\030\123\026}{subsection.1.3}% 7
\BOOKMARK [2][-]{subsection.1.4}{\376\377\000P\000I\000N\000N\000s\000\040\154\102\211\343\000\040\000P\000D\000E\000\040\123\315\225\356\230\230}{section.1}% 8
\BOOKMARK [3][-]{subsubsection.1.4.1}{\376\377\211\302\155\113\145\160\143\156\176\246\147\137}{subsection.1.4}% 9
\BOOKMARK [3][-]{subsubsection.1.4.2}{\376\377\200\124\124\010\143\137\131\061\121\375\145\160}{subsection.1.4}% 10
\BOOKMARK [1][-]{section.2}{\376\377\127\372\116\216\000\040\000P\000y\000T\000o\000r\000c\000h\000\040\166\204\000\040\000P\000I\000N\000N\000s\000\040\153\143\225\356\230\230\116\016\123\315\225\356\230\230\145\160\120\074\133\236\163\260}{}% 11
\BOOKMARK [2][-]{subsection.2.1}{\376\377\152\041\127\213\225\356\230\230\213\364\146\016}{section.2}% 12
\BOOKMARK [3][-]{subsubsection.2.1.1}{\376\377\147\204\220\040\211\343\147\220\211\343\165\050\116\216\232\214\213\301}{subsection.2.1}% 13
\BOOKMARK [2][-]{subsection.2.2}{\376\377\000P\000I\000N\000N\000s\000\040\154\102\211\343\153\143\225\356\230\230}{section.2}% 14
\BOOKMARK [3][-]{subsubsection.2.2.1}{\376\377\153\143\225\356\230\230\166\204\133\232\116\111}{subsection.2.2}% 15
\BOOKMARK [3][-]{subsubsection.2.2.2}{\376\377\171\136\176\317\177\121\176\334\217\321\117\074}{subsection.2.2}% 16
\BOOKMARK [3][-]{subsubsection.2.2.3}{\376\377\143\137\131\061\121\375\145\160\147\204\220\040}{subsection.2.2}% 17
\BOOKMARK [3][-]{subsubsection.2.2.4}{\376\377\000P\000y\000T\000o\000r\000c\000h\000\040\133\236\163\260\377\010\153\143\225\356\230\230\377\011}{subsection.2.2}% 18
\BOOKMARK [2][-]{subsection.2.3}{\376\377\000P\000I\000N\000N\000s\000\040\154\102\211\343\123\315\225\356\230\230}{section.2}% 19
\BOOKMARK [3][-]{subsubsection.2.3.1}{\376\377\123\315\225\356\230\230\166\204\133\232\116\111}{subsection.2.3}% 20
\BOOKMARK [3][-]{subsubsection.2.3.2}{\376\377\123\314\177\121\176\334\136\372\152\041}{subsection.2.3}% 21
\BOOKMARK [3][-]{subsubsection.2.3.3}{\376\377\123\315\225\356\230\230\143\137\131\061\121\375\145\160}{subsection.2.3}% 22
\BOOKMARK [3][-]{subsubsection.2.3.4}{\376\377\000P\000y\000T\000o\000r\000c\000h\000\040\133\236\163\260\377\010\123\315\225\356\230\230\377\011}{subsection.2.3}% 23
\BOOKMARK [2][-]{subsection.2.4}{\376\377\153\143\225\356\230\230\116\016\123\315\225\356\230\230\166\204\133\371\153\324}{section.2}% 24
\BOOKMARK [2][-]{subsection.2.5}{\376\377\147\054\172\340\134\017\176\323}{section.2}% 25
